INFO: [2012-2-19 19:40:2] - ('-- Start DB module --',)
INFO: [2012-2-19 19:40:2] - ('-- Web Crawler Server Started --',)
INFO: [2012-2-19 19:40:2] - ('DB module - Begin search',)
INFO: [2012-2-19 19:40:2] - ('DB module - Conect do SQL Server', 'SERVIDOR\\SQLEXPRESS', 'Clipping')
INFO: [2012-2-19 19:40:2] - ('DB module NumLinks', 1101)
INFO: [2012-2-19 19:40:2] - ('DB module NumWords', 1536)
INFO: [2012-2-19 19:40:14] - ('search:', 1, 56521, 'http://www.agenciafinanceira.iol.pt', 'Url Updated and Found words', [{'word': u'despedimentos', 'id': 892, 'pos': 0}, {'word': u'postos\\s+de\\s+trabalho', 'id': 1088, 'pos': 0}, {'word': u'tap', 'id': 2409, 'pos': 0}, {'word': u'estacionamento', 'id': 6333, 'pos': 0}, {'word': u'eurogrupo', 'id': 6780, 'pos': 0}, {'word': u'sector', 'id': 7961, 'pos': 0}])
INFO: [2012-2-19 19:40:14] - ("DB module: SELECT * FROM CrawlerLinks WHERE url = 'http://www.agenciafinanceira.iol.pt' AND tamanho = '56521'",)
INFO: [2012-2-19 19:40:14] - ("DB module: SELECT * FROM CrawlerLinksPalavras WHERE idcrawlerlink = '13558' AND idpalavra = '892'",)
INFO: [2012-2-19 19:40:14] - ("DB module: SELECT * FROM CrawlerLinksPalavras WHERE idcrawlerlink = '13558' AND idpalavra = '1088'",)
INFO: [2012-2-19 19:40:14] - ("DB module: SELECT * FROM CrawlerLinksPalavras WHERE idcrawlerlink = '13558' AND idpalavra = '2409'",)
INFO: [2012-2-19 19:40:14] - ("DB module: SELECT * FROM CrawlerLinksPalavras WHERE idcrawlerlink = '13558' AND idpalavra = '6333'",)
INFO: [2012-2-19 19:40:14] - ("DB module: SELECT * FROM CrawlerLinksPalavras WHERE idcrawlerlink = '13558' AND idpalavra = '6780'",)
INFO: [2012-2-19 19:40:14] - ("DB module: SELECT * FROM CrawlerLinksPalavras WHERE idcrawlerlink = '13558' AND idpalavra = '7961'",)
INFO: [2012-2-19 19:40:14] - ('DB module NumWords', 1536)
INFO: [2012-2-19 19:40:18] - ('search:', 2, 248071, 'http://www.jornaldenegocios.pt', 'Url Updated and Found words', [{'word': u'despedimentos', 'id': 892, 'pos': 0}, {'word': u'despedimento', 'id': 918, 'pos': 0}, {'word': u'sem\\s+emprego', 'id': 1100, 'pos': 0}, {'word': u'emel', 'id': 2562, 'pos': 0}, {'word': u'advogados', 'id': 2800, 'pos': 0}, {'word': u'leil\xe3o', 'id': 2804, 'pos': 0}, {'word': u'fujitsu', 'id': 3974, 'pos': 0}, {'word': u'cil', 'id': 4517, 'pos': 0}, {'word': u'estacionamento', 'id': 6333, 'pos': 0}, {'word': u'eurogrupo', 'id': 6780, 'pos': 0}, {'word': u'sector', 'id': 7961, 'pos': 0}, {'word': u'thomas', 'id': 8025, 'pos': 0}])
INFO: [2012-2-19 19:40:18] - ("DB module: SELECT * FROM CrawlerLinks WHERE url = 'http://www.jornaldenegocios.pt' AND tamanho = '248071'",)
INFO: [2012-2-19 19:40:18] - ("DB module: INSERT INTO CrawlerLinks (idLinksPublicacoes, url, datapesquisa, estado, tamanho, status_crawl) VALUES ('2', 'http://www.jornaldenegocios.pt', '2012-02-19 19:40:18', '0', '248071', '0')",)
INFO: [2012-2-19 19:40:18] - ("DB module: SELECT * FROM CrawlerLinksPalavras WHERE idcrawlerlink = '13625' AND idpalavra = '892'",)
INFO: [2012-2-19 19:40:18] - ("INSERT INTO CrawlerLinksPalavras (idcrawlerlink, idpalavra) VALUES ('13625', '892')",)
INFO: [2012-2-19 19:40:18] - ("DB module: SELECT * FROM CrawlerLinksPalavras WHERE idcrawlerlink = '13625' AND idpalavra = '918'",)
INFO: [2012-2-19 19:40:18] - ("INSERT INTO CrawlerLinksPalavras (idcrawlerlink, idpalavra) VALUES ('13625', '918')",)
INFO: [2012-2-19 19:40:18] - ("DB module: SELECT * FROM CrawlerLinksPalavras WHERE idcrawlerlink = '13625' AND idpalavra = '1100'",)
INFO: [2012-2-19 19:40:18] - ("INSERT INTO CrawlerLinksPalavras (idcrawlerlink, idpalavra) VALUES ('13625', '1100')",)
INFO: [2012-2-19 19:40:18] - ("DB module: SELECT * FROM CrawlerLinksPalavras WHERE idcrawlerlink = '13625' AND idpalavra = '2562'",)
INFO: [2012-2-19 19:40:18] - ("INSERT INTO CrawlerLinksPalavras (idcrawlerlink, idpalavra) VALUES ('13625', '2562')",)
INFO: [2012-2-19 19:40:18] - ("DB module: SELECT * FROM CrawlerLinksPalavras WHERE idcrawlerlink = '13625' AND idpalavra = '2800'",)
INFO: [2012-2-19 19:40:18] - ("INSERT INTO CrawlerLinksPalavras (idcrawlerlink, idpalavra) VALUES ('13625', '2800')",)
INFO: [2012-2-19 19:40:18] - ("DB module: SELECT * FROM CrawlerLinksPalavras WHERE idcrawlerlink = '13625' AND idpalavra = '2804'",)
INFO: [2012-2-19 19:40:18] - ("INSERT INTO CrawlerLinksPalavras (idcrawlerlink, idpalavra) VALUES ('13625', '2804')",)
INFO: [2012-2-19 19:40:18] - ("DB module: SELECT * FROM CrawlerLinksPalavras WHERE idcrawlerlink = '13625' AND idpalavra = '3974'",)
INFO: [2012-2-19 19:40:18] - ("INSERT INTO CrawlerLinksPalavras (idcrawlerlink, idpalavra) VALUES ('13625', '3974')",)
INFO: [2012-2-19 19:40:18] - ("DB module: SELECT * FROM CrawlerLinksPalavras WHERE idcrawlerlink = '13625' AND idpalavra = '4517'",)
INFO: [2012-2-19 19:40:18] - ("INSERT INTO CrawlerLinksPalavras (idcrawlerlink, idpalavra) VALUES ('13625', '4517')",)
INFO: [2012-2-19 19:40:18] - ("DB module: SELECT * FROM CrawlerLinksPalavras WHERE idcrawlerlink = '13625' AND idpalavra = '6333'",)
INFO: [2012-2-19 19:40:18] - ("INSERT INTO CrawlerLinksPalavras (idcrawlerlink, idpalavra) VALUES ('13625', '6333')",)
INFO: [2012-2-19 19:40:18] - ("DB module: SELECT * FROM CrawlerLinksPalavras WHERE idcrawlerlink = '13625' AND idpalavra = '6780'",)
INFO: [2012-2-19 19:40:18] - ("INSERT INTO CrawlerLinksPalavras (idcrawlerlink, idpalavra) VALUES ('13625', '6780')",)
INFO: [2012-2-19 19:40:18] - ("DB module: SELECT * FROM CrawlerLinksPalavras WHERE idcrawlerlink = '13625' AND idpalavra = '7961'",)
INFO: [2012-2-19 19:40:18] - ("INSERT INTO CrawlerLinksPalavras (idcrawlerlink, idpalavra) VALUES ('13625', '7961')",)
INFO: [2012-2-19 19:40:18] - ("DB module: SELECT * FROM CrawlerLinksPalavras WHERE idcrawlerlink = '13625' AND idpalavra = '8025'",)
INFO: [2012-2-19 19:40:18] - ("INSERT INTO CrawlerLinksPalavras (idcrawlerlink, idpalavra) VALUES ('13625', '8025')",)
INFO: [2012-2-19 19:40:18] - ('DB module NumWords', 1560)
INFO: [2012-2-19 19:40:21] - ('search:', 5, 56250, 'http://diariodigital.sapo.pt', 'Url Updated and Found words', [{'word': u'tribunal', 'id': 898, 'pos': 0}, {'word': u'garland', 'id': 4556, 'pos': 0}, {'word': u'hyundai', 'id': 6631, 'pos': 0}])
INFO: [2012-2-19 19:40:21] - ('search:', 5, 0, 'http://diariodigital.sapo.pt/favicon.ico', 'Url Updated')
INFO: [2012-2-19 19:40:23] - ('search:', 5, 56253, 'http://diariodigital.sapo.pt/', 'Url Updated and Found words', [{'word': u'tribunal', 'id': 898, 'pos': 0}, {'word': u'garland', 'id': 4556, 'pos': 0}, {'word': u'hyundai', 'id': 6631, 'pos': 0}])
INFO: [2012-2-19 19:40:24] - ('search:', 5, 24329, 'http://diariodigital.sapo.pt/listrss.asp', 'Url Updated and Found words', [{'word': u'cil', 'id': 4517, 'pos': 0}, {'word': u'informa', 'id': 7722, 'pos': 0}])
INFO: [2012-2-19 19:40:25] - ('search:', 5, 36896, 'http://diariodigital.sapo.pt/section.asp?section_id=10', 'Url Updated')
INFO: [2012-2-19 19:40:26] - ('search:', 5, 23444, 'http://diariodigital.sapo.pt/news.asp?id_news=559342', 'Url Updated')
INFO: [2012-2-19 19:40:27] - ('search:', 5, 30467, 'http://diariodigital.sapo.pt/section.asp?section_id=12', 'Url Updated and Found words', [{'word': u'despedimentos', 'id': 892, 'pos': 0}])
INFO: [2012-2-19 19:40:28] - ('search:', 5, 25334, 'http://diariodigital.sapo.pt/news.asp?id_news=559349', 'Url Updated')
INFO: [2012-2-19 19:40:29] - ('search:', 5, 36610, 'http://diariodigital.sapo.pt/section.asp?section_id=13', 'Url Updated and Found words', [{'word': u'emel', 'id': 2562, 'pos': 0}])
INFO: [2012-2-19 19:40:30] - ('search:', 5, 26771, 'http://diariodigital.sapo.pt/news.asp?id_news=559347', 'Url Updated')
INFO: [2012-2-19 19:40:31] - ('search:', 5, 23860, 'http://diariodigital.sapo.pt/section_econ.asp', 'Url Updated and Found words', [{'word': u'iberia', 'id': 2419, 'pos': 0}])
INFO: [2012-2-19 19:40:32] - ('search:', 5, 19323, 'http://diariodigital.sapo.pt/news_econ.asp?id_news=175839', 'Url Updated')
INFO: [2012-2-19 19:40:33] - ('search:', 5, 29480, 'http://diariodigital.sapo.pt/section.asp?section_id=62', 'Url Updated and Found words', [{'word': u'ambiente', 'id': 816, 'pos': 0}, {'word': u'sector', 'id': 7961, 'pos': 0}])
INFO: [2012-2-19 19:40:34] - ('search:', 5, 23652, 'http://diariodigital.sapo.pt/news.asp?id_news=559292', 'Url Updated')
INFO: [2012-2-19 19:40:35] - ('search:', 5, 36263, 'http://diariodigital.sapo.pt/section.asp?section_id=181', 'Url Updated')
INFO: [2012-2-19 19:40:36] - ('search:', 5, 24264, 'http://diariodigital.sapo.pt/news.asp?id_news=559260', 'Url Updated')
INFO: [2012-2-19 19:40:38] - ('search:', 5, 45987, 'http://diariodigital.sapo.pt/section.asp?section_id=119', 'Url Updated and Found words', [{'word': u'basquetebol', 'id': 2252, 'pos': 0}, {'word': u'nba', 'id': 2831, 'pos': 0}, {'word': u'brasil', 'id': 7077, 'pos': 0}])
INFO: [2012-2-19 19:40:39] - ('search:', 5, 23869, 'http://diariodigital.sapo.pt/news.asp?id_news=559348', 'Url Updated and Found words', [{'word': u'basquetebol', 'id': 2252, 'pos': 0}])
INFO: [2012-2-19 19:40:41] - ('search:', 5, 40973, 'http://diariodigital.sapo.pt/section.asp?section_id=4', 'Url Updated')
INFO: [2012-2-19 19:40:42] - ('search:', 5, 24101, 'http://diariodigital.sapo.pt/news.asp?id_news=559343', 'Url Updated')
INFO: [2012-2-19 19:40:43] - ('search:', 5, 35028, 'http://diariodigital.sapo.pt/section.asp?section_id=194', 'Url Updated and Found words', [{'word': u'brasil', 'id': 7077, 'pos': 0}])
INFO: [2012-2-19 19:40:44] - ('search:', 5, 25508, 'http://diariodigital.sapo.pt/news.asp?id_news=559329', 'Url Updated and Found words', [{'word': u'angola', 'id': 4849, 'pos': 0}])
INFO: [2012-2-19 19:40:46] - ('search:', 5, 36019, 'http://diariodigital.sapo.pt/section.asp?section_id=9', 'Url Updated and Found words', [{'word': u'apple', 'id': 612, 'pos': 0}, {'word': u'tribunal', 'id': 898, 'pos': 0}, {'word': u'disney', 'id': 1138, 'pos': 0}])
INFO: [2012-2-19 19:40:47] - ('search:', 5, 23870, 'http://diariodigital.sapo.pt/news.asp?id_news=559315', 'Url Updated and Found words', [{'word': u'tribunal', 'id': 898, 'pos': 0}, {'word': u'informa', 'id': 7722, 'pos': 0}])
INFO: [2012-2-19 19:40:49] - ('search:', 5, 43723, 'http://diariodigital.sapo.pt/videos.asp', 'Url Updated and Found words', [{'word': u'ambiente', 'id': 816, 'pos': 0}, {'word': u'modelo', 'id': 1231, 'pos': 0}, {'word': u'brasil', 'id': 7077, 'pos': 0}])
INFO: [2012-2-19 19:40:50] - ('search:', 5, 25752, 'http://diariodigital.sapo.pt/news.asp?id_news=559319#disqus_thread', 'Url Updated')
INFO: [2012-2-19 19:40:51] - ('search:', 5, 25753, 'http://diariodigital.sapo.pt/news.asp?id_news=559319', 'Url Updated')
INFO: [2012-2-19 19:40:52] - ('search:', 5, 25356, 'http://diariodigital.sapo.pt/news.asp?id_news=559335', 'Url Updated')
INFO: [2012-2-19 19:40:54] - ('search:', 5, 25862, 'http://diariodigital.sapo.pt/news.asp?id_news=559313', 'Url Updated')
INFO: [2012-2-19 19:40:55] - ('search:', 5, 25088, 'http://diariodigital.sapo.pt/news.asp?id_news=559307', 'Url Updated')
INFO: [2012-2-19 19:40:56] - ('search:', 5, 23884, 'http://diariodigital.sapo.pt/news.asp?id_news=559344#disqus_thread', 'Url Updated')
INFO: [2012-2-19 19:40:57] - ('search:', 5, 23884, 'http://diariodigital.sapo.pt/news.asp?id_news=559344', 'Url Updated')
INFO: [2012-2-19 19:40:58] - ('search:', 5, 24102, 'http://diariodigital.sapo.pt/news.asp?id_news=559343#disqus_thread', 'Url Updated')
INFO: [2012-2-19 19:40:59] - ('search:', 5, 25338, 'http://diariodigital.sapo.pt/news.asp?id_news=559314#disqus_thread', 'Url Updated and Found words', [{'word': u'cil', 'id': 4517, 'pos': 0}])
INFO: [2012-2-19 19:41:0] - ('search:', 5, 25339, 'http://diariodigital.sapo.pt/news.asp?id_news=559314', 'Url Updated and Found words', [{'word': u'cil', 'id': 4517, 'pos': 0}])
INFO: [2012-2-19 19:41:1] - ('search:', 5, 25973, 'http://diariodigital.sapo.pt/news.asp?id_news=559289#disqus_thread', 'Url Updated and Found words', [{'word': u'informa', 'id': 7722, 'pos': 0}])
INFO: [2012-2-19 19:41:2] - ('search:', 5, 25973, 'http://diariodigital.sapo.pt/news.asp?id_news=559289', 'Url Updated and Found words', [{'word': u'informa', 'id': 7722, 'pos': 0}])
INFO: [2012-2-19 19:41:4] - ('search:', 5, 24639, 'http://diariodigital.sapo.pt/news.asp?id_news=559302#disqus_thread', 'Url Updated')
INFO: [2012-2-19 19:41:5] - ('search:', 5, 24639, 'http://diariodigital.sapo.pt/news.asp?id_news=559302', 'Url Updated')
INFO: [2012-2-19 19:41:6] - ('search:', 5, 26290, 'http://diariodigital.sapo.pt/news.asp?id_news=559223#disqus_thread', 'Url Updated')
INFO: [2012-2-19 19:41:7] - ('search:', 5, 26290, 'http://diariodigital.sapo.pt/news.asp?id_news=559223', 'Url Updated')
INFO: [2012-2-19 19:41:8] - ('search:', 5, 25531, 'http://diariodigital.sapo.pt/news.asp?id_news=559261#disqus_thread', 'Url Updated')
INFO: [2012-2-19 19:41:9] - ('search:', 5, 25530, 'http://diariodigital.sapo.pt/news.asp?id_news=559261', 'Url Updated')
INFO: [2012-2-19 19:41:9] - ('search:', 5, 24261, 'http://diariodigital.sapo.pt/news.asp?id_news=559260#disqus_thread', 'Url Updated')
INFO: [2012-2-19 19:41:10] - ('search:', 5, 26289, 'http://diariodigital.sapo.pt/news.asp?id_news=559346', 'Url Updated')
INFO: [2012-2-19 19:41:11] - ('search:', 5, 25179, 'http://diariodigital.sapo.pt/news.asp?id_news=559345', 'Url Updated and Found words', [{'word': u'basquetebol', 'id': 2252, 'pos': 0}])
INFO: [2012-2-19 19:41:12] - ('search:', 5, 23416, 'http://diariodigital.sapo.pt/news.asp?id_news=559199', 'Url Updated')
INFO: [2012-2-19 19:41:13] - ('search:', 5, 26269, 'http://diariodigital.sapo.pt/news.asp?id_news=559190', 'Url Updated and Found words', [{'word': u'eurogrupo', 'id': 6780, 'pos': 0}])
INFO: [2012-2-19 19:41:14] - ('search:', 5, 23743, 'http://diariodigital.sapo.pt/news.asp?id_news=559250', 'Url Updated')
INFO: [2012-2-19 19:41:15] - ('search:', 5, 23899, 'http://diariodigital.sapo.pt/news.asp?id_news=559205', 'Url Updated')
INFO: [2012-2-19 19:41:15] - ('search:', 5, 23669, 'http://diariodigital.sapo.pt/news.asp?id_news=559326', 'Url Updated and Found words', [{'word': u'tribunal', 'id': 898, 'pos': 0}])
INFO: [2012-2-19 19:41:16] - ('search:', 5, 17077, 'http://diariodigital.sapo.pt/tempo.asp', 'Url Updated and Found words', [{'word': u'continente', 'id': 1230, 'pos': 0}])
INFO: [2012-2-19 19:41:17] - ('search:', 5, 23589, 'http://diariodigital.sapo.pt/news.asp?id_news=175839#disqus_thread', 'Url Updated')
INFO: [2012-2-19 19:41:17] - ('search:', 5, 23883, 'http://diariodigital.sapo.pt/news.asp?id_news=175838#disqus_thread', 'Url Updated and Found words', [{'word': u'informa', 'id': 7722, 'pos': 0}])
INFO: [2012-2-19 19:41:18] - ('search:', 5, 22461, 'http://diariodigital.sapo.pt/news.asp?id_news=175837#disqus_thread', 'Url Updated')
INFO: [2012-2-19 19:41:19] - ('search:', 5, 24507, 'http://diariodigital.sapo.pt/news.asp?id_news=175836#disqus_thread', 'Url Updated and Found words', [{'word': u'basquetebol', 'id': 2252, 'pos': 0}])
INFO: [2012-2-19 19:41:20] - ('search:', 5, 22961, 'http://diariodigital.sapo.pt/news.asp?id_news=44434#disqus_thread', 'Url Updated and Found words', [{'word': u'informa', 'id': 7722, 'pos': 0}])
INFO: [2012-2-19 19:41:21] - ('search:', 5, 24523, 'http://diariodigital.sapo.pt/news.asp?id_news=44433#disqus_thread', 'Url Updated and Found words', [{'word': u'informa', 'id': 7722, 'pos': 0}])
INFO: [2012-2-19 19:41:21] - ('search:', 5, 23764, 'http://diariodigital.sapo.pt/news.asp?id_news=44432#disqus_thread', 'Url Updated and Found words', [{'word': u'informa', 'id': 7722, 'pos': 0}])
INFO: [2012-2-19 19:41:22] - ('search:', 5, 23352, 'http://diariodigital.sapo.pt/news.asp?id_news=44431#disqus_thread', 'Url Updated and Found words', [{'word': u'informa', 'id': 7722, 'pos': 0}])
INFO: [2012-2-19 19:41:23] - ('search:', 5, 29393, 'http://diariodigital.sapo.pt/section_auto.asp?section_id=138', 'Url Updated and Found words', [{'word': u'modelo', 'id': 1231, 'pos': 0}, {'word': u'hyundai', 'id': 6631, 'pos': 0}])
INFO: [2012-2-19 19:41:24] - ('search:', 5, 25308, 'http://diariodigital.sapo.pt/news.asp?id_news=559204#disqus_thread', 'Url Updated and Found words', [{'word': u'diesel', 'id': 522, 'pos': 0}, {'word': u'cars', 'id': 1281, 'pos': 0}, {'word': u'primavera', 'id': 1523, 'pos': 0}, {'word': u'ambiental', 'id': 4221, 'pos': 0}])
INFO: [2012-2-19 19:41:24] - ('search:', 5, 25309, 'http://diariodigital.sapo.pt/news.asp?id_news=559204', 'Url Updated and Found words', [{'word': u'diesel', 'id': 522, 'pos': 0}, {'word': u'cars', 'id': 1281, 'pos': 0}, {'word': u'primavera', 'id': 1523, 'pos': 0}, {'word': u'ambiental', 'id': 4221, 'pos': 0}])
INFO: [2012-2-19 19:41:27] - ('search:', 5, 28445, 'http://diariodigital.sapo.pt/news.asp?id_news=559192#disqus_thread', 'Url Updated and Found words', [{'word': u'carbono', 'id': 1543, 'pos': 0}])
INFO: [2012-2-19 19:41:28] - ('search:', 5, 28445, 'http://diariodigital.sapo.pt/news.asp?id_news=559192', 'Url Updated and Found words', [{'word': u'carbono', 'id': 1543, 'pos': 0}])
INFO: [2012-2-19 19:41:29] - ('search:', 5, 36341, 'http://diariodigital.sapo.pt/news.asp?id_news=559178#disqus_thread', 'Url Updated and Found words', [{'word': u'modelo', 'id': 1231, 'pos': 0}, {'word': u'cil', 'id': 4517, 'pos': 0}, {'word': u'estacionamento', 'id': 6333, 'pos': 0}])
INFO: [2012-2-19 19:41:30] - ('search:', 5, 36341, 'http://diariodigital.sapo.pt/news.asp?id_news=559178', 'Url Updated and Found words', [{'word': u'modelo', 'id': 1231, 'pos': 0}, {'word': u'cil', 'id': 4517, 'pos': 0}, {'word': u'estacionamento', 'id': 6333, 'pos': 0}])
INFO: [2012-2-19 19:41:31] - ('search:', 5, 24959, 'http://diariodigital.sapo.pt/news.asp?id_news=559160#disqus_thread', 'Url Updated and Found words', [{'word': u'modelo', 'id': 1231, 'pos': 0}, {'word': u'cars', 'id': 1281, 'pos': 0}, {'word': u'hyundai', 'id': 6631, 'pos': 0}])
INFO: [2012-2-19 19:41:31] - ('search:', 5, 24960, 'http://diariodigital.sapo.pt/news.asp?id_news=559160', 'Url Updated and Found words', [{'word': u'modelo', 'id': 1231, 'pos': 0}, {'word': u'cars', 'id': 1281, 'pos': 0}, {'word': u'hyundai', 'id': 6631, 'pos': 0}])
INFO: [2012-2-19 19:41:32] - ('search:', 5, 24196, 'http://diariodigital.sapo.pt/news.asp?id_news=559304', 'Url Updated')
INFO: [2012-2-19 19:41:33] - ('search:', 5, 23980, 'http://diariodigital.sapo.pt/news.asp?id_news=559311', 'Url Updated and Found words', [{'word': u'dentes', 'id': 5669, 'pos': 0}])
INFO: [2012-2-19 19:41:33] - ('search:', 5, 27889, 'http://diariodigital.sapo.pt/news.asp?id_news=559281', 'Url Updated and Found words', [{'word': u'sector', 'id': 7961, 'pos': 0}])
INFO: [2012-2-19 19:41:34] - ('search:', 5, 24474, 'http://diariodigital.sapo.pt/news.asp?id_news=559226', 'Url Updated')
INFO: [2012-2-19 19:41:35] - ('search:', 5, 23906, 'http://diariodigital.sapo.pt/news.asp?id_news=559219', 'Url Updated')
INFO: [2012-2-19 19:41:35] - ('search:', 5, 27712, 'http://diariodigital.sapo.pt/news.asp?id_news=559218', 'Url Updated and Found words', [{'word': u'ambiente', 'id': 816, 'pos': 0}])
INFO: [2012-2-19 19:41:36] - ('search:', 5, 24270, 'http://diariodigital.sapo.pt/news.asp?id_news=559264', 'Url Updated')
INFO: [2012-2-19 19:41:37] - ('search:', 5, 23614, 'http://diariodigital.sapo.pt/news.asp?id_news=559167', 'Url Updated')
INFO: [2012-2-19 19:41:38] - ('search:', 5, 28718, 'http://diariodigital.sapo.pt/news.asp?id_news=558709', 'Url Updated and Found words', [{'word': u'lee', 'id': 6162, 'pos': 0}])
INFO: [2012-2-19 19:41:39] - ('search:', 5, 23433, 'http://diariodigital.sapo.pt/news.asp?id_news=558715', 'Url Updated')
INFO: [2012-2-19 19:41:39] - ('search:', 5, 23961, 'http://diariodigital.sapo.pt/news.asp?id_news=558717', 'Url Updated and Found words', [{'word': u'dentes', 'id': 5669, 'pos': 0}])
INFO: [2012-2-19 19:41:40] - ('search:', 5, 23684, 'http://diariodigital.sapo.pt/news.asp?id_news=558721', 'Url Updated')
INFO: [2012-2-19 19:41:40] - ('search:', 5, 0, 'http://diariodigital.sapo.pt/../news.asp?id_news=558531', 'Url Updated')
INFO: [2012-2-19 19:41:40] - ('search:', 5, 0, 'http://diariodigital.sapo.pt/../news.asp?id_news=557540', 'Url Updated')
INFO: [2012-2-19 19:41:40] - ('search:', 5, 0, 'http://diariodigital.sapo.pt/../news.asp?id_news=558953', 'Url Updated')
INFO: [2012-2-19 19:41:42] - ('search:', 5, 22241, 'http://diariodigital.sapo.pt/news.asp?id_news=557602#disqus_thread', 'Url Updated and Found words', [{'word': u'opa', 'id': 1006, 'pos': 0}])
INFO: [2012-2-19 19:41:43] - ('search:', 5, 22241, 'http://diariodigital.sapo.pt/news.asp?id_news=557602', 'Url Updated and Found words', [{'word': u'opa', 'id': 1006, 'pos': 0}])
INFO: [2012-2-19 19:41:44] - ('search:', 5, 27815, 'http://diariodigital.sapo.pt/news.asp?id_news=559039#disqus_thread', 'Url Updated and Found words', [{'word': u'cil', 'id': 4517, 'pos': 0}, {'word': u'angola', 'id': 4849, 'pos': 0}, {'word': u'brasil', 'id': 7077, 'pos': 0}, {'word': u'custo', 'id': 7615, 'pos': 0}])
INFO: [2012-2-19 19:41:44] - ('search:', 5, 27814, 'http://diariodigital.sapo.pt/news.asp?id_news=559039', 'Url Updated and Found words', [{'word': u'cil', 'id': 4517, 'pos': 0}, {'word': u'angola', 'id': 4849, 'pos': 0}, {'word': u'brasil', 'id': 7077, 'pos': 0}, {'word': u'custo', 'id': 7615, 'pos': 0}])
INFO: [2012-2-19 19:41:47] - ('search:', 5, 0, 'http://diariodigital.sapo.pt/news.asp?id_news=558804#disqus_thread', 'Url Updated')
INFO: [2012-2-19 19:41:48] - ('search:', 5, 25179, 'http://diariodigital.sapo.pt/news.asp?id_news=558804', 'Url Updated and Found words', [{'word': u'modelo', 'id': 1231, 'pos': 0}])
INFO: [2012-2-19 19:41:49] - ('search:', 5, 24052, 'http://diariodigital.sapo.pt/news.asp?id_news=559330', 'Url Updated')
INFO: [2012-2-19 19:41:50] - ('search:', 5, 23478, 'http://diariodigital.sapo.pt/news.asp?id_news=559308', 'Url Updated')
INFO: [2012-2-19 19:41:50] - ('search:', 5, 26732, 'http://diariodigital.sapo.pt/news.asp?id_news=559331', 'Url Updated and Found words', [{'word': u'majora', 'id': 1221, 'pos': 0}])
INFO: [2012-2-19 19:41:51] - ('search:', 5, 26540, 'http://diariodigital.sapo.pt/news.asp?id_news=559336', 'Url Updated')
INFO: [2012-2-19 19:41:52] - ('search:', 5, 24880, 'http://diariodigital.sapo.pt/news.asp?id_news=559325', 'Url Updated')
INFO: [2012-2-19 19:41:52] - ('search:', 5, 19397, 'http://diariodigital.sapo.pt/news_econ.asp?id_news=175838', 'Url Updated')
INFO: [2012-2-19 19:41:53] - ('search:', 5, 19364, 'http://diariodigital.sapo.pt/news_econ.asp?id_news=175837', 'Url Updated')
INFO: [2012-2-19 19:41:54] - ('search:', 5, 19384, 'http://diariodigital.sapo.pt/news_econ.asp?id_news=175836', 'Url Updated')
INFO: [2012-2-19 19:41:55] - ('search:', 5, 25567, 'http://diariodigital.sapo.pt/news.asp?id_news=559245', 'Url Updated and Found words', [{'word': u'sector', 'id': 7961, 'pos': 0}])
INFO: [2012-2-19 19:41:55] - ('search:', 5, 23619, 'http://diariodigital.sapo.pt/news.asp?id_news=559233', 'Url Updated')
INFO: [2012-2-19 19:41:56] - ('search:', 5, 23931, 'http://diariodigital.sapo.pt/news.asp?id_news=559224', 'Url Updated')
INFO: [2012-2-19 19:41:57] - ('search:', 5, 25155, 'http://diariodigital.sapo.pt/news.asp?id_news=559215', 'Url Updated')
INFO: [2012-2-19 19:41:57] - ('search:', 5, 24312, 'http://diariodigital.sapo.pt/news.asp?id_news=559155', 'Url Updated')
INFO: [2012-2-19 19:41:58] - ('search:', 5, 24108, 'http://diariodigital.sapo.pt/news.asp?id_news=559149', 'Url Updated')
INFO: [2012-2-19 19:42:0] - ('search:', 5, 45988, 'http://diariodigital.sapo.pt/desporto.asp?section_id=119', 'Url Updated and Found words', [{'word': u'basquetebol', 'id': 2252, 'pos': 0}, {'word': u'nba', 'id': 2831, 'pos': 0}, {'word': u'brasil', 'id': 7077, 'pos': 0}])
INFO: [2012-2-19 19:42:0] - ('search:', 5, 24174, 'http://diariodigital.sapo.pt/news.asp?id_news=559341', 'Url Updated')
INFO: [2012-2-19 19:42:1] - ('search:', 5, 23705, 'http://diariodigital.sapo.pt/news.asp?id_news=559340', 'Url Updated')
INFO: [2012-2-19 19:42:2] - ('search:', 5, 23525, 'http://diariodigital.sapo.pt/news.asp?id_news=559334', 'Url Updated')
INFO: [2012-2-19 19:42:3] - ('search:', 5, 23820, 'http://diariodigital.sapo.pt/news.asp?id_news=559333', 'Url Updated')
INFO: [2012-2-19 19:42:4] - ('search:', 5, 25557, 'http://diariodigital.sapo.pt/news.asp?id_news=559332', 'Url Updated')
INFO: [2012-2-19 19:42:4] - ('search:', 5, 24030, 'http://diariodigital.sapo.pt/news.asp?id_news=559234', 'Url Updated and Found words', [{'word': u'hom', 'id': 8281, 'pos': 0}])
INFO: [2012-2-19 19:42:5] - ('search:', 5, 25345, 'http://diariodigital.sapo.pt/news.asp?id_news=559211', 'Url Updated and Found words', [{'word': u'angola', 'id': 4849, 'pos': 0}])
INFO: [2012-2-19 19:42:6] - ('search:', 5, 25224, 'http://diariodigital.sapo.pt/news.asp?id_news=559183', 'Url Updated and Found words', [{'word': u'angola', 'id': 4849, 'pos': 0}])
INFO: [2012-2-19 19:42:7] - ('search:', 5, 24170, 'http://diariodigital.sapo.pt/news.asp?id_news=559228', 'Url Updated and Found words', [{'word': u'apple', 'id': 612, 'pos': 0}, {'word': u'tribunal', 'id': 898, 'pos': 0}, {'word': u'fraude', 'id': 908, 'pos': 0}])
INFO: [2012-2-19 19:42:8] - ('search:', 5, 25898, 'http://diariodigital.sapo.pt/news.asp?id_news=559153', 'Url Updated and Found words', [{'word': u'apple', 'id': 612, 'pos': 0}, {'word': u'tribunal', 'id': 898, 'pos': 0}, {'word': u'informa', 'id': 7722, 'pos': 0}])
INFO: [2012-2-19 19:42:9] - ('search:', 5, 24976, 'http://diariodigital.sapo.pt/news.asp?id_news=559114', 'Url Updated and Found words', [{'word': u'informa', 'id': 7722, 'pos': 0}])
INFO: [2012-2-19 19:42:9] - ('search:', 5, 17014, 'http://diariodigital.sapo.pt/ficha.asp', 'Url Updated')
INFO: [2012-2-19 19:42:9] - ('search:', 5, 16854, 'http://diariodigital.sapo.pt/estatuto.asp', 'Url Updated and Found words', [{'word': u'informa', 'id': 7722, 'pos': 0}])
INFO: [2012-2-19 19:42:9] - ("DB module: SELECT * FROM CrawlerLinks WHERE url = 'http://diariodigital.sapo.pt' AND tamanho = '56250'",)
INFO: [2012-2-19 19:42:9] - ("DB module: INSERT INTO CrawlerLinks (idLinksPublicacoes, url, datapesquisa, estado, tamanho, status_crawl) VALUES ('5', 'http://diariodigital.sapo.pt', '2012-02-19 19:40:21', '0', '56250', '0')",)
INFO: [2012-2-19 19:42:9] - ("DB module: SELECT * FROM CrawlerLinksPalavras WHERE idcrawlerlink = '13626' AND idpalavra = '898'",)
INFO: [2012-2-19 19:42:9] - ("INSERT INTO CrawlerLinksPalavras (idcrawlerlink, idpalavra) VALUES ('13626', '898')",)
INFO: [2012-2-19 19:42:9] - ("DB module: SELECT * FROM CrawlerLinksPalavras WHERE idcrawlerlink = '13626' AND idpalavra = '4556'",)
INFO: [2012-2-19 19:42:9] - ("INSERT INTO CrawlerLinksPalavras (idcrawlerlink, idpalavra) VALUES ('13626', '4556')",)
INFO: [2012-2-19 19:42:9] - ("DB module: SELECT * FROM CrawlerLinksPalavras WHERE idcrawlerlink = '13626' AND idpalavra = '6631'",)
INFO: [2012-2-19 19:42:9] - ("INSERT INTO CrawlerLinksPalavras (idcrawlerlink, idpalavra) VALUES ('13626', '6631')",)
INFO: [2012-2-19 19:42:9] - ("DB module: SELECT * FROM CrawlerLinks WHERE url = 'http://diariodigital.sapo.pt/' AND tamanho = '56253'",)
INFO: [2012-2-19 19:42:9] - ("DB module: INSERT INTO CrawlerLinks (idLinksPublicacoes, url, datapesquisa, estado, tamanho, status_crawl) VALUES ('5', 'http://diariodigital.sapo.pt/', '2012-02-19 19:40:23', '0', '56253', '0')",)
INFO: [2012-2-19 19:42:9] - ("DB module: SELECT * FROM CrawlerLinksPalavras WHERE idcrawlerlink = '13627' AND idpalavra = '898'",)
INFO: [2012-2-19 19:42:9] - ("INSERT INTO CrawlerLinksPalavras (idcrawlerlink, idpalavra) VALUES ('13627', '898')",)
INFO: [2012-2-19 19:42:9] - ("DB module: SELECT * FROM CrawlerLinksPalavras WHERE idcrawlerlink = '13627' AND idpalavra = '4556'",)
INFO: [2012-2-19 19:42:10] - ("INSERT INTO CrawlerLinksPalavras (idcrawlerlink, idpalavra) VALUES ('13627', '4556')",)
INFO: [2012-2-19 19:42:10] - ("DB module: SELECT * FROM CrawlerLinksPalavras WHERE idcrawlerlink = '13627' AND idpalavra = '6631'",)
INFO: [2012-2-19 19:42:10] - ("INSERT INTO CrawlerLinksPalavras (idcrawlerlink, idpalavra) VALUES ('13627', '6631')",)
INFO: [2012-2-19 19:42:10] - ("DB module: SELECT * FROM CrawlerLinks WHERE url = 'http://diariodigital.sapo.pt/listrss.asp' AND tamanho = '24329'",)
INFO: [2012-2-19 19:42:10] - ("DB module: INSERT INTO CrawlerLinks (idLinksPublicacoes, url, datapesquisa, estado, tamanho, status_crawl) VALUES ('5', 'http://diariodigital.sapo.pt/listrss.asp', '2012-02-19 19:40:24', '0', '24329', '0')",)
INFO: [2012-2-19 19:42:10] - ("DB module: SELECT * FROM CrawlerLinksPalavras WHERE idcrawlerlink = '13628' AND idpalavra = '4517'",)
INFO: [2012-2-19 19:42:10] - ("INSERT INTO CrawlerLinksPalavras (idcrawlerlink, idpalavra) VALUES ('13628', '4517')",)
INFO: [2012-2-19 19:42:10] - ("DB module: SELECT * FROM CrawlerLinksPalavras WHERE idcrawlerlink = '13628' AND idpalavra = '7722'",)
INFO: [2012-2-19 19:42:10] - ("INSERT INTO CrawlerLinksPalavras (idcrawlerlink, idpalavra) VALUES ('13628', '7722')",)
INFO: [2012-2-19 19:42:10] - ("DB module: SELECT * FROM CrawlerLinks WHERE url = 'http://diariodigital.sapo.pt/section.asp?section_id=12' AND tamanho = '30467'",)
INFO: [2012-2-19 19:42:10] - ("DB module: INSERT INTO CrawlerLinks (idLinksPublicacoes, url, datapesquisa, estado, tamanho, status_crawl) VALUES ('5', 'http://diariodigital.sapo.pt/section.asp?section_id=12', '2012-02-19 19:40:27', '0', '30467', '0')",)
INFO: [2012-2-19 19:42:10] - ("DB module: SELECT * FROM CrawlerLinksPalavras WHERE idcrawlerlink = '13629' AND idpalavra = '892'",)
INFO: [2012-2-19 19:42:10] - ("INSERT INTO CrawlerLinksPalavras (idcrawlerlink, idpalavra) VALUES ('13629', '892')",)
INFO: [2012-2-19 19:42:10] - ("DB module: SELECT * FROM CrawlerLinks WHERE url = 'http://diariodigital.sapo.pt/section.asp?section_id=13' AND tamanho = '36610'",)
INFO: [2012-2-19 19:42:10] - ("DB module: INSERT INTO CrawlerLinks (idLinksPublicacoes, url, datapesquisa, estado, tamanho, status_crawl) VALUES ('5', 'http://diariodigital.sapo.pt/section.asp?section_id=13', '2012-02-19 19:40:29', '0', '36610', '0')",)
INFO: [2012-2-19 19:42:10] - ("DB module: SELECT * FROM CrawlerLinksPalavras WHERE idcrawlerlink = '13630' AND idpalavra = '2562'",)
INFO: [2012-2-19 19:42:10] - ("INSERT INTO CrawlerLinksPalavras (idcrawlerlink, idpalavra) VALUES ('13630', '2562')",)
INFO: [2012-2-19 19:42:10] - ("DB module: SELECT * FROM CrawlerLinks WHERE url = 'http://diariodigital.sapo.pt/section_econ.asp' AND tamanho = '23860'",)
INFO: [2012-2-19 19:42:10] - ("DB module: SELECT * FROM CrawlerLinksPalavras WHERE idcrawlerlink = '13565' AND idpalavra = '2419'",)
INFO: [2012-2-19 19:42:10] - ("DB module: SELECT * FROM CrawlerLinks WHERE url = 'http://diariodigital.sapo.pt/section.asp?section_id=62' AND tamanho = '29480'",)
INFO: [2012-2-19 19:42:10] - ("DB module: INSERT INTO CrawlerLinks (idLinksPublicacoes, url, datapesquisa, estado, tamanho, status_crawl) VALUES ('5', 'http://diariodigital.sapo.pt/section.asp?section_id=62', '2012-02-19 19:40:33', '0', '29480', '0')",)
INFO: [2012-2-19 19:42:10] - ("DB module: SELECT * FROM CrawlerLinksPalavras WHERE idcrawlerlink = '13631' AND idpalavra = '816'",)
INFO: [2012-2-19 19:42:10] - ("INSERT INTO CrawlerLinksPalavras (idcrawlerlink, idpalavra) VALUES ('13631', '816')",)
INFO: [2012-2-19 19:42:10] - ("DB module: SELECT * FROM CrawlerLinksPalavras WHERE idcrawlerlink = '13631' AND idpalavra = '7961'",)
INFO: [2012-2-19 19:42:10] - ("INSERT INTO CrawlerLinksPalavras (idcrawlerlink, idpalavra) VALUES ('13631', '7961')",)
INFO: [2012-2-19 19:42:10] - ("DB module: SELECT * FROM CrawlerLinks WHERE url = 'http://diariodigital.sapo.pt/section.asp?section_id=119' AND tamanho = '45987'",)
INFO: [2012-2-19 19:42:10] - ("DB module: INSERT INTO CrawlerLinks (idLinksPublicacoes, url, datapesquisa, estado, tamanho, status_crawl) VALUES ('5', 'http://diariodigital.sapo.pt/section.asp?section_id=119', '2012-02-19 19:40:38', '0', '45987', '0')",)
INFO: [2012-2-19 19:42:10] - ("DB module: SELECT * FROM CrawlerLinksPalavras WHERE idcrawlerlink = '13632' AND idpalavra = '2252'",)
INFO: [2012-2-19 19:42:10] - ("INSERT INTO CrawlerLinksPalavras (idcrawlerlink, idpalavra) VALUES ('13632', '2252')",)
INFO: [2012-2-19 19:42:10] - ("DB module: SELECT * FROM CrawlerLinksPalavras WHERE idcrawlerlink = '13632' AND idpalavra = '2831'",)
INFO: [2012-2-19 19:42:10] - ("INSERT INTO CrawlerLinksPalavras (idcrawlerlink, idpalavra) VALUES ('13632', '2831')",)
INFO: [2012-2-19 19:42:10] - ("DB module: SELECT * FROM CrawlerLinksPalavras WHERE idcrawlerlink = '13632' AND idpalavra = '7077'",)
INFO: [2012-2-19 19:42:10] - ("INSERT INTO CrawlerLinksPalavras (idcrawlerlink, idpalavra) VALUES ('13632', '7077')",)
INFO: [2012-2-19 19:42:10] - ("DB module: SELECT * FROM CrawlerLinks WHERE url = 'http://diariodigital.sapo.pt/news.asp?id_news=559348' AND tamanho = '23869'",)
INFO: [2012-2-19 19:42:10] - ("DB module: SELECT * FROM CrawlerLinksPalavras WHERE idcrawlerlink = '13568' AND idpalavra = '2252'",)
INFO: [2012-2-19 19:42:10] - ("DB module: SELECT * FROM CrawlerLinks WHERE url = 'http://diariodigital.sapo.pt/section.asp?section_id=194' AND tamanho = '35028'",)
INFO: [2012-2-19 19:42:10] - ("DB module: INSERT INTO CrawlerLinks (idLinksPublicacoes, url, datapesquisa, estado, tamanho, status_crawl) VALUES ('5', 'http://diariodigital.sapo.pt/section.asp?section_id=194', '2012-02-19 19:40:43', '0', '35028', '0')",)
INFO: [2012-2-19 19:42:10] - ("DB module: SELECT * FROM CrawlerLinksPalavras WHERE idcrawlerlink = '13633' AND idpalavra = '7077'",)
INFO: [2012-2-19 19:42:10] - ("INSERT INTO CrawlerLinksPalavras (idcrawlerlink, idpalavra) VALUES ('13633', '7077')",)
INFO: [2012-2-19 19:42:10] - ("DB module: SELECT * FROM CrawlerLinks WHERE url = 'http://diariodigital.sapo.pt/news.asp?id_news=559329' AND tamanho = '25508'",)
INFO: [2012-2-19 19:42:10] - ("DB module: INSERT INTO CrawlerLinks (idLinksPublicacoes, url, datapesquisa, estado, tamanho, status_crawl) VALUES ('5', 'http://diariodigital.sapo.pt/news.asp?id_news=559329', '2012-02-19 19:40:44', '0', '25508', '0')",)
INFO: [2012-2-19 19:42:10] - ("DB module: SELECT * FROM CrawlerLinksPalavras WHERE idcrawlerlink = '13634' AND idpalavra = '4849'",)
INFO: [2012-2-19 19:42:10] - ("INSERT INTO CrawlerLinksPalavras (idcrawlerlink, idpalavra) VALUES ('13634', '4849')",)
INFO: [2012-2-19 19:42:10] - ("DB module: SELECT * FROM CrawlerLinks WHERE url = 'http://diariodigital.sapo.pt/section.asp?section_id=9' AND tamanho = '36019'",)
INFO: [2012-2-19 19:42:10] - ("DB module: INSERT INTO CrawlerLinks (idLinksPublicacoes, url, datapesquisa, estado, tamanho, status_crawl) VALUES ('5', 'http://diariodigital.sapo.pt/section.asp?section_id=9', '2012-02-19 19:40:46', '0', '36019', '0')",)
INFO: [2012-2-19 19:42:10] - ("DB module: SELECT * FROM CrawlerLinksPalavras WHERE idcrawlerlink = '13635' AND idpalavra = '612'",)
INFO: [2012-2-19 19:42:10] - ("INSERT INTO CrawlerLinksPalavras (idcrawlerlink, idpalavra) VALUES ('13635', '612')",)
INFO: [2012-2-19 19:42:10] - ("DB module: SELECT * FROM CrawlerLinksPalavras WHERE idcrawlerlink = '13635' AND idpalavra = '898'",)
INFO: [2012-2-19 19:42:10] - ("INSERT INTO CrawlerLinksPalavras (idcrawlerlink, idpalavra) VALUES ('13635', '898')",)
INFO: [2012-2-19 19:42:10] - ("DB module: SELECT * FROM CrawlerLinksPalavras WHERE idcrawlerlink = '13635' AND idpalavra = '1138'",)
INFO: [2012-2-19 19:42:10] - ("INSERT INTO CrawlerLinksPalavras (idcrawlerlink, idpalavra) VALUES ('13635', '1138')",)
INFO: [2012-2-19 19:42:10] - ("DB module: SELECT * FROM CrawlerLinks WHERE url = 'http://diariodigital.sapo.pt/news.asp?id_news=559315' AND tamanho = '23870'",)
INFO: [2012-2-19 19:42:10] - ("DB module: SELECT * FROM CrawlerLinksPalavras WHERE idcrawlerlink = '13572' AND idpalavra = '898'",)
INFO: [2012-2-19 19:42:10] - ("DB module: SELECT * FROM CrawlerLinksPalavras WHERE idcrawlerlink = '13572' AND idpalavra = '7722'",)
INFO: [2012-2-19 19:42:10] - ("DB module: SELECT * FROM CrawlerLinks WHERE url = 'http://diariodigital.sapo.pt/videos.asp' AND tamanho = '43723'",)
INFO: [2012-2-19 19:42:10] - ("DB module: INSERT INTO CrawlerLinks (idLinksPublicacoes, url, datapesquisa, estado, tamanho, status_crawl) VALUES ('5', 'http://diariodigital.sapo.pt/videos.asp', '2012-02-19 19:40:49', '0', '43723', '0')",)
INFO: [2012-2-19 19:42:10] - ("DB module: SELECT * FROM CrawlerLinksPalavras WHERE idcrawlerlink = '13636' AND idpalavra = '816'",)
INFO: [2012-2-19 19:42:10] - ("INSERT INTO CrawlerLinksPalavras (idcrawlerlink, idpalavra) VALUES ('13636', '816')",)
INFO: [2012-2-19 19:42:10] - ("DB module: SELECT * FROM CrawlerLinksPalavras WHERE idcrawlerlink = '13636' AND idpalavra = '1231'",)
INFO: [2012-2-19 19:42:10] - ("INSERT INTO CrawlerLinksPalavras (idcrawlerlink, idpalavra) VALUES ('13636', '1231')",)
INFO: [2012-2-19 19:42:10] - ("DB module: SELECT * FROM CrawlerLinksPalavras WHERE idcrawlerlink = '13636' AND idpalavra = '7077'",)
INFO: [2012-2-19 19:42:10] - ("INSERT INTO CrawlerLinksPalavras (idcrawlerlink, idpalavra) VALUES ('13636', '7077')",)
INFO: [2012-2-19 19:42:10] - ("DB module: SELECT * FROM CrawlerLinks WHERE url = 'http://diariodigital.sapo.pt/news.asp?id_news=559314#disqus_thread' AND tamanho = '25338'",)
INFO: [2012-2-19 19:42:10] - ("DB module: INSERT INTO CrawlerLinks (idLinksPublicacoes, url, datapesquisa, estado, tamanho, status_crawl) VALUES ('5', 'http://diariodigital.sapo.pt/news.asp?id_news=559314#disqus_thread', '2012-02-19 19:40:59', '0', '25338', '0')",)
INFO: [2012-2-19 19:42:10] - ("DB module: SELECT * FROM CrawlerLinksPalavras WHERE idcrawlerlink = '13637' AND idpalavra = '4517'",)
INFO: [2012-2-19 19:42:10] - ("INSERT INTO CrawlerLinksPalavras (idcrawlerlink, idpalavra) VALUES ('13637', '4517')",)
INFO: [2012-2-19 19:42:10] - ("DB module: SELECT * FROM CrawlerLinks WHERE url = 'http://diariodigital.sapo.pt/news.asp?id_news=559314' AND tamanho = '25339'",)
INFO: [2012-2-19 19:42:10] - ("DB module: SELECT * FROM CrawlerLinksPalavras WHERE idcrawlerlink = '13575' AND idpalavra = '4517'",)
INFO: [2012-2-19 19:42:10] - ("DB module: SELECT * FROM CrawlerLinks WHERE url = 'http://diariodigital.sapo.pt/news.asp?id_news=559289#disqus_thread' AND tamanho = '25973'",)
INFO: [2012-2-19 19:42:10] - ("DB module: SELECT * FROM CrawlerLinksPalavras WHERE idcrawlerlink = '13576' AND idpalavra = '7722'",)
INFO: [2012-2-19 19:42:10] - ("DB module: SELECT * FROM CrawlerLinks WHERE url = 'http://diariodigital.sapo.pt/news.asp?id_news=559289' AND tamanho = '25973'",)
INFO: [2012-2-19 19:42:10] - ("DB module: SELECT * FROM CrawlerLinksPalavras WHERE idcrawlerlink = '13577' AND idpalavra = '7722'",)
INFO: [2012-2-19 19:42:10] - ("DB module: SELECT * FROM CrawlerLinks WHERE url = 'http://diariodigital.sapo.pt/news.asp?id_news=559345' AND tamanho = '25179'",)
INFO: [2012-2-19 19:42:10] - ("DB module: INSERT INTO CrawlerLinks (idLinksPublicacoes, url, datapesquisa, estado, tamanho, status_crawl) VALUES ('5', 'http://diariodigital.sapo.pt/news.asp?id_news=559345', '2012-02-19 19:41:11', '0', '25179', '0')",)
INFO: [2012-2-19 19:42:10] - ("DB module: SELECT * FROM CrawlerLinksPalavras WHERE idcrawlerlink = '13638' AND idpalavra = '2252'",)
INFO: [2012-2-19 19:42:10] - ("INSERT INTO CrawlerLinksPalavras (idcrawlerlink, idpalavra) VALUES ('13638', '2252')",)
INFO: [2012-2-19 19:42:10] - ("DB module: SELECT * FROM CrawlerLinks WHERE url = 'http://diariodigital.sapo.pt/news.asp?id_news=559190' AND tamanho = '26269'",)
INFO: [2012-2-19 19:42:10] - ("DB module: INSERT INTO CrawlerLinks (idLinksPublicacoes, url, datapesquisa, estado, tamanho, status_crawl) VALUES ('5', 'http://diariodigital.sapo.pt/news.asp?id_news=559190', '2012-02-19 19:41:13', '0', '26269', '0')",)
INFO: [2012-2-19 19:42:10] - ("DB module: SELECT * FROM CrawlerLinksPalavras WHERE idcrawlerlink = '13639' AND idpalavra = '6780'",)
INFO: [2012-2-19 19:42:10] - ("INSERT INTO CrawlerLinksPalavras (idcrawlerlink, idpalavra) VALUES ('13639', '6780')",)
INFO: [2012-2-19 19:42:10] - ("DB module: SELECT * FROM CrawlerLinks WHERE url = 'http://diariodigital.sapo.pt/news.asp?id_news=559326' AND tamanho = '23669'",)
INFO: [2012-2-19 19:42:10] - ("DB module: SELECT * FROM CrawlerLinksPalavras WHERE idcrawlerlink = '13606' AND idpalavra = '898'",)
INFO: [2012-2-19 19:42:10] - ("DB module: SELECT * FROM CrawlerLinks WHERE url = 'http://diariodigital.sapo.pt/tempo.asp' AND tamanho = '17077'",)
INFO: [2012-2-19 19:42:10] - ("DB module: SELECT * FROM CrawlerLinksPalavras WHERE idcrawlerlink = '13581' AND idpalavra = '1230'",)
INFO: [2012-2-19 19:42:10] - ("DB module: SELECT * FROM CrawlerLinks WHERE url = 'http://diariodigital.sapo.pt/news.asp?id_news=175838#disqus_thread' AND tamanho = '23883'",)
INFO: [2012-2-19 19:42:10] - ("DB module: SELECT * FROM CrawlerLinksPalavras WHERE idcrawlerlink = '13582' AND idpalavra = '7722'",)
INFO: [2012-2-19 19:42:10] - ("DB module: SELECT * FROM CrawlerLinks WHERE url = 'http://diariodigital.sapo.pt/news.asp?id_news=175836#disqus_thread' AND tamanho = '24507'",)
INFO: [2012-2-19 19:42:10] - ("DB module: INSERT INTO CrawlerLinks (idLinksPublicacoes, url, datapesquisa, estado, tamanho, status_crawl) VALUES ('5', 'http://diariodigital.sapo.pt/news.asp?id_news=175836#disqus_thread', '2012-02-19 19:41:19', '0', '24507', '0')",)
INFO: [2012-2-19 19:42:10] - ("DB module: SELECT * FROM CrawlerLinksPalavras WHERE idcrawlerlink = '13640' AND idpalavra = '2252'",)
INFO: [2012-2-19 19:42:10] - ("INSERT INTO CrawlerLinksPalavras (idcrawlerlink, idpalavra) VALUES ('13640', '2252')",)
INFO: [2012-2-19 19:42:10] - ("DB module: SELECT * FROM CrawlerLinks WHERE url = 'http://diariodigital.sapo.pt/news.asp?id_news=44434#disqus_thread' AND tamanho = '22961'",)
INFO: [2012-2-19 19:42:10] - ("DB module: SELECT * FROM CrawlerLinksPalavras WHERE idcrawlerlink = '13584' AND idpalavra = '7722'",)
INFO: [2012-2-19 19:42:10] - ("DB module: SELECT * FROM CrawlerLinks WHERE url = 'http://diariodigital.sapo.pt/news.asp?id_news=44433#disqus_thread' AND tamanho = '24523'",)
INFO: [2012-2-19 19:42:10] - ("DB module: INSERT INTO CrawlerLinks (idLinksPublicacoes, url, datapesquisa, estado, tamanho, status_crawl) VALUES ('5', 'http://diariodigital.sapo.pt/news.asp?id_news=44433#disqus_thread', '2012-02-19 19:41:21', '0', '24523', '0')",)
INFO: [2012-2-19 19:42:10] - ("DB module: SELECT * FROM CrawlerLinksPalavras WHERE idcrawlerlink = '13641' AND idpalavra = '7722'",)
INFO: [2012-2-19 19:42:10] - ("INSERT INTO CrawlerLinksPalavras (idcrawlerlink, idpalavra) VALUES ('13641', '7722')",)
INFO: [2012-2-19 19:42:10] - ("DB module: SELECT * FROM CrawlerLinks WHERE url = 'http://diariodigital.sapo.pt/news.asp?id_news=44432#disqus_thread' AND tamanho = '23764'",)
INFO: [2012-2-19 19:42:10] - ("DB module: SELECT * FROM CrawlerLinksPalavras WHERE idcrawlerlink = '13586' AND idpalavra = '7722'",)
INFO: [2012-2-19 19:42:10] - ("DB module: SELECT * FROM CrawlerLinks WHERE url = 'http://diariodigital.sapo.pt/news.asp?id_news=44431#disqus_thread' AND tamanho = '23352'",)
INFO: [2012-2-19 19:42:10] - ("DB module: SELECT * FROM CrawlerLinksPalavras WHERE idcrawlerlink = '13587' AND idpalavra = '7722'",)
INFO: [2012-2-19 19:42:10] - ("DB module: SELECT * FROM CrawlerLinks WHERE url = 'http://diariodigital.sapo.pt/section_auto.asp?section_id=138' AND tamanho = '29393'",)
INFO: [2012-2-19 19:42:10] - ("DB module: INSERT INTO CrawlerLinks (idLinksPublicacoes, url, datapesquisa, estado, tamanho, status_crawl) VALUES ('5', 'http://diariodigital.sapo.pt/section_auto.asp?section_id=138', '2012-02-19 19:41:23', '0', '29393', '0')",)
INFO: [2012-2-19 19:42:10] - ("DB module: SELECT * FROM CrawlerLinksPalavras WHERE idcrawlerlink = '13642' AND idpalavra = '1231'",)
INFO: [2012-2-19 19:42:11] - ("INSERT INTO CrawlerLinksPalavras (idcrawlerlink, idpalavra) VALUES ('13642', '1231')",)
INFO: [2012-2-19 19:42:11] - ("DB module: SELECT * FROM CrawlerLinksPalavras WHERE idcrawlerlink = '13642' AND idpalavra = '6631'",)
INFO: [2012-2-19 19:42:11] - ("INSERT INTO CrawlerLinksPalavras (idcrawlerlink, idpalavra) VALUES ('13642', '6631')",)
INFO: [2012-2-19 19:42:11] - ("DB module: SELECT * FROM CrawlerLinks WHERE url = 'http://diariodigital.sapo.pt/news.asp?id_news=559204#disqus_thread' AND tamanho = '25308'",)
INFO: [2012-2-19 19:42:11] - ("DB module: INSERT INTO CrawlerLinks (idLinksPublicacoes, url, datapesquisa, estado, tamanho, status_crawl) VALUES ('5', 'http://diariodigital.sapo.pt/news.asp?id_news=559204#disqus_thread', '2012-02-19 19:41:24', '0', '25308', '0')",)
INFO: [2012-2-19 19:42:11] - ("DB module: SELECT * FROM CrawlerLinksPalavras WHERE idcrawlerlink = '13643' AND idpalavra = '522'",)
INFO: [2012-2-19 19:42:11] - ("INSERT INTO CrawlerLinksPalavras (idcrawlerlink, idpalavra) VALUES ('13643', '522')",)
INFO: [2012-2-19 19:42:11] - ("DB module: SELECT * FROM CrawlerLinksPalavras WHERE idcrawlerlink = '13643' AND idpalavra = '1281'",)
INFO: [2012-2-19 19:42:11] - ("INSERT INTO CrawlerLinksPalavras (idcrawlerlink, idpalavra) VALUES ('13643', '1281')",)
INFO: [2012-2-19 19:42:11] - ("DB module: SELECT * FROM CrawlerLinksPalavras WHERE idcrawlerlink = '13643' AND idpalavra = '1523'",)
INFO: [2012-2-19 19:42:11] - ("INSERT INTO CrawlerLinksPalavras (idcrawlerlink, idpalavra) VALUES ('13643', '1523')",)
INFO: [2012-2-19 19:42:11] - ("DB module: SELECT * FROM CrawlerLinksPalavras WHERE idcrawlerlink = '13643' AND idpalavra = '4221'",)
INFO: [2012-2-19 19:42:11] - ("INSERT INTO CrawlerLinksPalavras (idcrawlerlink, idpalavra) VALUES ('13643', '4221')",)
INFO: [2012-2-19 19:42:11] - ("DB module: SELECT * FROM CrawlerLinks WHERE url = 'http://diariodigital.sapo.pt/news.asp?id_news=559204' AND tamanho = '25309'",)
INFO: [2012-2-19 19:42:11] - ("DB module: INSERT INTO CrawlerLinks (idLinksPublicacoes, url, datapesquisa, estado, tamanho, status_crawl) VALUES ('5', 'http://diariodigital.sapo.pt/news.asp?id_news=559204', '2012-02-19 19:41:24', '0', '25309', '0')",)
INFO: [2012-2-19 19:42:11] - ("DB module: SELECT * FROM CrawlerLinksPalavras WHERE idcrawlerlink = '13644' AND idpalavra = '522'",)
INFO: [2012-2-19 19:42:11] - ("INSERT INTO CrawlerLinksPalavras (idcrawlerlink, idpalavra) VALUES ('13644', '522')",)
INFO: [2012-2-19 19:42:11] - ("DB module: SELECT * FROM CrawlerLinksPalavras WHERE idcrawlerlink = '13644' AND idpalavra = '1281'",)
INFO: [2012-2-19 19:42:11] - ("INSERT INTO CrawlerLinksPalavras (idcrawlerlink, idpalavra) VALUES ('13644', '1281')",)
INFO: [2012-2-19 19:42:11] - ("DB module: SELECT * FROM CrawlerLinksPalavras WHERE idcrawlerlink = '13644' AND idpalavra = '1523'",)
INFO: [2012-2-19 19:42:11] - ("INSERT INTO CrawlerLinksPalavras (idcrawlerlink, idpalavra) VALUES ('13644', '1523')",)
INFO: [2012-2-19 19:42:11] - ("DB module: SELECT * FROM CrawlerLinksPalavras WHERE idcrawlerlink = '13644' AND idpalavra = '4221'",)
INFO: [2012-2-19 19:42:11] - ("INSERT INTO CrawlerLinksPalavras (idcrawlerlink, idpalavra) VALUES ('13644', '4221')",)
INFO: [2012-2-19 19:42:11] - ("DB module: SELECT * FROM CrawlerLinks WHERE url = 'http://diariodigital.sapo.pt/news.asp?id_news=559192#disqus_thread' AND tamanho = '28445'",)
INFO: [2012-2-19 19:42:11] - ("DB module: SELECT * FROM CrawlerLinksPalavras WHERE idcrawlerlink = '13591' AND idpalavra = '1543'",)
INFO: [2012-2-19 19:42:11] - ("DB module: SELECT * FROM CrawlerLinks WHERE url = 'http://diariodigital.sapo.pt/news.asp?id_news=559192' AND tamanho = '28445'",)
INFO: [2012-2-19 19:42:11] - ("DB module: SELECT * FROM CrawlerLinksPalavras WHERE idcrawlerlink = '13592' AND idpalavra = '1543'",)
INFO: [2012-2-19 19:42:11] - ("DB module: SELECT * FROM CrawlerLinks WHERE url = 'http://diariodigital.sapo.pt/news.asp?id_news=559178#disqus_thread' AND tamanho = '36341'",)
INFO: [2012-2-19 19:42:11] - ("DB module: INSERT INTO CrawlerLinks (idLinksPublicacoes, url, datapesquisa, estado, tamanho, status_crawl) VALUES ('5', 'http://diariodigital.sapo.pt/news.asp?id_news=559178#disqus_thread', '2012-02-19 19:41:29', '0', '36341', '0')",)
INFO: [2012-2-19 19:42:11] - ("DB module: SELECT * FROM CrawlerLinksPalavras WHERE idcrawlerlink = '13645' AND idpalavra = '1231'",)
INFO: [2012-2-19 19:42:11] - ("INSERT INTO CrawlerLinksPalavras (idcrawlerlink, idpalavra) VALUES ('13645', '1231')",)
INFO: [2012-2-19 19:42:11] - ("DB module: SELECT * FROM CrawlerLinksPalavras WHERE idcrawlerlink = '13645' AND idpalavra = '4517'",)
INFO: [2012-2-19 19:42:11] - ("INSERT INTO CrawlerLinksPalavras (idcrawlerlink, idpalavra) VALUES ('13645', '4517')",)
INFO: [2012-2-19 19:42:11] - ("DB module: SELECT * FROM CrawlerLinksPalavras WHERE idcrawlerlink = '13645' AND idpalavra = '6333'",)
INFO: [2012-2-19 19:42:11] - ("INSERT INTO CrawlerLinksPalavras (idcrawlerlink, idpalavra) VALUES ('13645', '6333')",)
INFO: [2012-2-19 19:42:11] - ("DB module: SELECT * FROM CrawlerLinks WHERE url = 'http://diariodigital.sapo.pt/news.asp?id_news=559178' AND tamanho = '36341'",)
INFO: [2012-2-19 19:42:11] - ("DB module: INSERT INTO CrawlerLinks (idLinksPublicacoes, url, datapesquisa, estado, tamanho, status_crawl) VALUES ('5', 'http://diariodigital.sapo.pt/news.asp?id_news=559178', '2012-02-19 19:41:30', '0', '36341', '0')",)
INFO: [2012-2-19 19:42:11] - ("DB module: SELECT * FROM CrawlerLinksPalavras WHERE idcrawlerlink = '13646' AND idpalavra = '1231'",)
INFO: [2012-2-19 19:42:11] - ("INSERT INTO CrawlerLinksPalavras (idcrawlerlink, idpalavra) VALUES ('13646', '1231')",)
INFO: [2012-2-19 19:42:11] - ("DB module: SELECT * FROM CrawlerLinksPalavras WHERE idcrawlerlink = '13646' AND idpalavra = '4517'",)
INFO: [2012-2-19 19:42:11] - ("INSERT INTO CrawlerLinksPalavras (idcrawlerlink, idpalavra) VALUES ('13646', '4517')",)
INFO: [2012-2-19 19:42:11] - ("DB module: SELECT * FROM CrawlerLinksPalavras WHERE idcrawlerlink = '13646' AND idpalavra = '6333'",)
INFO: [2012-2-19 19:42:11] - ("INSERT INTO CrawlerLinksPalavras (idcrawlerlink, idpalavra) VALUES ('13646', '6333')",)
INFO: [2012-2-19 19:42:11] - ("DB module: SELECT * FROM CrawlerLinks WHERE url = 'http://diariodigital.sapo.pt/news.asp?id_news=559160#disqus_thread' AND tamanho = '24959'",)
INFO: [2012-2-19 19:42:11] - ("DB module: INSERT INTO CrawlerLinks (idLinksPublicacoes, url, datapesquisa, estado, tamanho, status_crawl) VALUES ('5', 'http://diariodigital.sapo.pt/news.asp?id_news=559160#disqus_thread', '2012-02-19 19:41:31', '0', '24959', '0')",)
INFO: [2012-2-19 19:42:11] - ("DB module: SELECT * FROM CrawlerLinksPalavras WHERE idcrawlerlink = '13647' AND idpalavra = '1231'",)
INFO: [2012-2-19 19:42:11] - ("INSERT INTO CrawlerLinksPalavras (idcrawlerlink, idpalavra) VALUES ('13647', '1231')",)
INFO: [2012-2-19 19:42:11] - ("DB module: SELECT * FROM CrawlerLinksPalavras WHERE idcrawlerlink = '13647' AND idpalavra = '1281'",)
INFO: [2012-2-19 19:42:11] - ("INSERT INTO CrawlerLinksPalavras (idcrawlerlink, idpalavra) VALUES ('13647', '1281')",)
INFO: [2012-2-19 19:42:11] - ("DB module: SELECT * FROM CrawlerLinksPalavras WHERE idcrawlerlink = '13647' AND idpalavra = '6631'",)
INFO: [2012-2-19 19:42:11] - ("INSERT INTO CrawlerLinksPalavras (idcrawlerlink, idpalavra) VALUES ('13647', '6631')",)
INFO: [2012-2-19 19:42:11] - ("DB module: SELECT * FROM CrawlerLinks WHERE url = 'http://diariodigital.sapo.pt/news.asp?id_news=559160' AND tamanho = '24960'",)
INFO: [2012-2-19 19:42:11] - ("DB module: INSERT INTO CrawlerLinks (idLinksPublicacoes, url, datapesquisa, estado, tamanho, status_crawl) VALUES ('5', 'http://diariodigital.sapo.pt/news.asp?id_news=559160', '2012-02-19 19:41:31', '0', '24960', '0')",)
INFO: [2012-2-19 19:42:11] - ("DB module: SELECT * FROM CrawlerLinksPalavras WHERE idcrawlerlink = '13648' AND idpalavra = '1231'",)
INFO: [2012-2-19 19:42:11] - ("INSERT INTO CrawlerLinksPalavras (idcrawlerlink, idpalavra) VALUES ('13648', '1231')",)
INFO: [2012-2-19 19:42:11] - ("DB module: SELECT * FROM CrawlerLinksPalavras WHERE idcrawlerlink = '13648' AND idpalavra = '1281'",)
INFO: [2012-2-19 19:42:11] - ("INSERT INTO CrawlerLinksPalavras (idcrawlerlink, idpalavra) VALUES ('13648', '1281')",)
INFO: [2012-2-19 19:42:11] - ("DB module: SELECT * FROM CrawlerLinksPalavras WHERE idcrawlerlink = '13648' AND idpalavra = '6631'",)
INFO: [2012-2-19 19:42:11] - ("INSERT INTO CrawlerLinksPalavras (idcrawlerlink, idpalavra) VALUES ('13648', '6631')",)
INFO: [2012-2-19 19:42:11] - ("DB module: SELECT * FROM CrawlerLinks WHERE url = 'http://diariodigital.sapo.pt/news.asp?id_news=559311' AND tamanho = '23980'",)
INFO: [2012-2-19 19:42:11] - ("DB module: SELECT * FROM CrawlerLinksPalavras WHERE idcrawlerlink = '13597' AND idpalavra = '5669'",)
INFO: [2012-2-19 19:42:11] - ("DB module: SELECT * FROM CrawlerLinks WHERE url = 'http://diariodigital.sapo.pt/news.asp?id_news=559281' AND tamanho = '27889'",)
INFO: [2012-2-19 19:42:11] - ("DB module: INSERT INTO CrawlerLinks (idLinksPublicacoes, url, datapesquisa, estado, tamanho, status_crawl) VALUES ('5', 'http://diariodigital.sapo.pt/news.asp?id_news=559281', '2012-02-19 19:41:33', '0', '27889', '0')",)
INFO: [2012-2-19 19:42:11] - ("DB module: SELECT * FROM CrawlerLinksPalavras WHERE idcrawlerlink = '13649' AND idpalavra = '7961'",)
INFO: [2012-2-19 19:42:11] - ("INSERT INTO CrawlerLinksPalavras (idcrawlerlink, idpalavra) VALUES ('13649', '7961')",)
INFO: [2012-2-19 19:42:11] - ("DB module: SELECT * FROM CrawlerLinks WHERE url = 'http://diariodigital.sapo.pt/news.asp?id_news=559218' AND tamanho = '27712'",)
INFO: [2012-2-19 19:42:11] - ("DB module: SELECT * FROM CrawlerLinksPalavras WHERE idcrawlerlink = '13599' AND idpalavra = '816'",)
INFO: [2012-2-19 19:42:11] - ("DB module: SELECT * FROM CrawlerLinks WHERE url = 'http://diariodigital.sapo.pt/news.asp?id_news=558709' AND tamanho = '28718'",)
INFO: [2012-2-19 19:42:11] - ("DB module: INSERT INTO CrawlerLinks (idLinksPublicacoes, url, datapesquisa, estado, tamanho, status_crawl) VALUES ('5', 'http://diariodigital.sapo.pt/news.asp?id_news=558709', '2012-02-19 19:41:38', '0', '28718', '0')",)
INFO: [2012-2-19 19:42:11] - ("DB module: SELECT * FROM CrawlerLinksPalavras WHERE idcrawlerlink = '13650' AND idpalavra = '6162'",)
INFO: [2012-2-19 19:42:11] - ("INSERT INTO CrawlerLinksPalavras (idcrawlerlink, idpalavra) VALUES ('13650', '6162')",)
INFO: [2012-2-19 19:42:11] - ("DB module: SELECT * FROM CrawlerLinks WHERE url = 'http://diariodigital.sapo.pt/news.asp?id_news=558717' AND tamanho = '23961'",)
INFO: [2012-2-19 19:42:11] - ("DB module: SELECT * FROM CrawlerLinksPalavras WHERE idcrawlerlink = '13601' AND idpalavra = '5669'",)
INFO: [2012-2-19 19:42:11] - ("DB module: SELECT * FROM CrawlerLinks WHERE url = 'http://diariodigital.sapo.pt/news.asp?id_news=557602#disqus_thread' AND tamanho = '22241'",)
INFO: [2012-2-19 19:42:11] - ("DB module: INSERT INTO CrawlerLinks (idLinksPublicacoes, url, datapesquisa, estado, tamanho, status_crawl) VALUES ('5', 'http://diariodigital.sapo.pt/news.asp?id_news=557602#disqus_thread', '2012-02-19 19:41:42', '0', '22241', '0')",)
INFO: [2012-2-19 19:42:11] - ("DB module: SELECT * FROM CrawlerLinksPalavras WHERE idcrawlerlink = '13651' AND idpalavra = '1006'",)
INFO: [2012-2-19 19:42:11] - ("INSERT INTO CrawlerLinksPalavras (idcrawlerlink, idpalavra) VALUES ('13651', '1006')",)
INFO: [2012-2-19 19:42:11] - ("DB module: SELECT * FROM CrawlerLinks WHERE url = 'http://diariodigital.sapo.pt/news.asp?id_news=557602' AND tamanho = '22241'",)
INFO: [2012-2-19 19:42:11] - ("DB module: SELECT * FROM CrawlerLinksPalavras WHERE idcrawlerlink = '13602' AND idpalavra = '1006'",)
INFO: [2012-2-19 19:42:11] - ("DB module: SELECT * FROM CrawlerLinks WHERE url = 'http://diariodigital.sapo.pt/news.asp?id_news=559039#disqus_thread' AND tamanho = '27815'",)
INFO: [2012-2-19 19:42:11] - ("DB module: SELECT * FROM CrawlerLinksPalavras WHERE idcrawlerlink = '13603' AND idpalavra = '4517'",)
INFO: [2012-2-19 19:42:11] - ("DB module: SELECT * FROM CrawlerLinksPalavras WHERE idcrawlerlink = '13603' AND idpalavra = '4849'",)
INFO: [2012-2-19 19:42:11] - ("DB module: SELECT * FROM CrawlerLinksPalavras WHERE idcrawlerlink = '13603' AND idpalavra = '7077'",)
INFO: [2012-2-19 19:42:11] - ("DB module: SELECT * FROM CrawlerLinksPalavras WHERE idcrawlerlink = '13603' AND idpalavra = '7615'",)
INFO: [2012-2-19 19:42:11] - ("DB module: SELECT * FROM CrawlerLinks WHERE url = 'http://diariodigital.sapo.pt/news.asp?id_news=559039' AND tamanho = '27814'",)
INFO: [2012-2-19 19:42:11] - ("DB module: INSERT INTO CrawlerLinks (idLinksPublicacoes, url, datapesquisa, estado, tamanho, status_crawl) VALUES ('5', 'http://diariodigital.sapo.pt/news.asp?id_news=559039', '2012-02-19 19:41:44', '0', '27814', '0')",)
INFO: [2012-2-19 19:42:11] - ("DB module: SELECT * FROM CrawlerLinksPalavras WHERE idcrawlerlink = '13652' AND idpalavra = '4517'",)
INFO: [2012-2-19 19:42:11] - ("INSERT INTO CrawlerLinksPalavras (idcrawlerlink, idpalavra) VALUES ('13652', '4517')",)
INFO: [2012-2-19 19:42:11] - ("DB module: SELECT * FROM CrawlerLinksPalavras WHERE idcrawlerlink = '13652' AND idpalavra = '4849'",)
INFO: [2012-2-19 19:42:11] - ("INSERT INTO CrawlerLinksPalavras (idcrawlerlink, idpalavra) VALUES ('13652', '4849')",)
INFO: [2012-2-19 19:42:11] - ("DB module: SELECT * FROM CrawlerLinksPalavras WHERE idcrawlerlink = '13652' AND idpalavra = '7077'",)
INFO: [2012-2-19 19:42:11] - ("INSERT INTO CrawlerLinksPalavras (idcrawlerlink, idpalavra) VALUES ('13652', '7077')",)
INFO: [2012-2-19 19:42:11] - ("DB module: SELECT * FROM CrawlerLinksPalavras WHERE idcrawlerlink = '13652' AND idpalavra = '7615'",)
INFO: [2012-2-19 19:42:11] - ("INSERT INTO CrawlerLinksPalavras (idcrawlerlink, idpalavra) VALUES ('13652', '7615')",)
INFO: [2012-2-19 19:42:11] - ("DB module: SELECT * FROM CrawlerLinks WHERE url = 'http://diariodigital.sapo.pt/news.asp?id_news=558804' AND tamanho = '25179'",)
INFO: [2012-2-19 19:42:11] - ("DB module: SELECT * FROM CrawlerLinksPalavras WHERE idcrawlerlink = '13605' AND idpalavra = '1231'",)
INFO: [2012-2-19 19:42:11] - ("DB module: SELECT * FROM CrawlerLinks WHERE url = 'http://diariodigital.sapo.pt/news.asp?id_news=559331' AND tamanho = '26732'",)
INFO: [2012-2-19 19:42:11] - ("DB module: SELECT * FROM CrawlerLinksPalavras WHERE idcrawlerlink = '13607' AND idpalavra = '1221'",)
INFO: [2012-2-19 19:42:11] - ("DB module: SELECT * FROM CrawlerLinks WHERE url = 'http://diariodigital.sapo.pt/news.asp?id_news=559245' AND tamanho = '25567'",)
INFO: [2012-2-19 19:42:11] - ("DB module: SELECT * FROM CrawlerLinksPalavras WHERE idcrawlerlink = '13608' AND idpalavra = '7961'",)
INFO: [2012-2-19 19:42:12] - ("DB module: SELECT * FROM CrawlerLinks WHERE url = 'http://diariodigital.sapo.pt/desporto.asp?section_id=119' AND tamanho = '45988'",)
INFO: [2012-2-19 19:42:12] - ("DB module: INSERT INTO CrawlerLinks (idLinksPublicacoes, url, datapesquisa, estado, tamanho, status_crawl) VALUES ('5', 'http://diariodigital.sapo.pt/desporto.asp?section_id=119', '2012-02-19 19:42:00', '0', '45988', '0')",)
INFO: [2012-2-19 19:42:12] - ("DB module: SELECT * FROM CrawlerLinksPalavras WHERE idcrawlerlink = '13653' AND idpalavra = '2252'",)
INFO: [2012-2-19 19:42:12] - ("INSERT INTO CrawlerLinksPalavras (idcrawlerlink, idpalavra) VALUES ('13653', '2252')",)
INFO: [2012-2-19 19:42:12] - ("DB module: SELECT * FROM CrawlerLinksPalavras WHERE idcrawlerlink = '13653' AND idpalavra = '2831'",)
INFO: [2012-2-19 19:42:12] - ("INSERT INTO CrawlerLinksPalavras (idcrawlerlink, idpalavra) VALUES ('13653', '2831')",)
INFO: [2012-2-19 19:42:12] - ("DB module: SELECT * FROM CrawlerLinksPalavras WHERE idcrawlerlink = '13653' AND idpalavra = '7077'",)
INFO: [2012-2-19 19:42:12] - ("INSERT INTO CrawlerLinksPalavras (idcrawlerlink, idpalavra) VALUES ('13653', '7077')",)
INFO: [2012-2-19 19:42:12] - ("DB module: SELECT * FROM CrawlerLinks WHERE url = 'http://diariodigital.sapo.pt/news.asp?id_news=559234' AND tamanho = '24030'",)
INFO: [2012-2-19 19:42:12] - ("DB module: SELECT * FROM CrawlerLinksPalavras WHERE idcrawlerlink = '13610' AND idpalavra = '8281'",)
INFO: [2012-2-19 19:42:12] - ("DB module: SELECT * FROM CrawlerLinks WHERE url = 'http://diariodigital.sapo.pt/news.asp?id_news=559211' AND tamanho = '25345'",)
INFO: [2012-2-19 19:42:12] - ("DB module: SELECT * FROM CrawlerLinksPalavras WHERE idcrawlerlink = '13611' AND idpalavra = '4849'",)
INFO: [2012-2-19 19:42:12] - ("DB module: SELECT * FROM CrawlerLinks WHERE url = 'http://diariodigital.sapo.pt/news.asp?id_news=559183' AND tamanho = '25224'",)
INFO: [2012-2-19 19:42:12] - ("DB module: INSERT INTO CrawlerLinks (idLinksPublicacoes, url, datapesquisa, estado, tamanho, status_crawl) VALUES ('5', 'http://diariodigital.sapo.pt/news.asp?id_news=559183', '2012-02-19 19:42:06', '0', '25224', '0')",)
INFO: [2012-2-19 19:42:12] - ("DB module: SELECT * FROM CrawlerLinksPalavras WHERE idcrawlerlink = '13654' AND idpalavra = '4849'",)
INFO: [2012-2-19 19:42:12] - ("INSERT INTO CrawlerLinksPalavras (idcrawlerlink, idpalavra) VALUES ('13654', '4849')",)
INFO: [2012-2-19 19:42:12] - ("DB module: SELECT * FROM CrawlerLinks WHERE url = 'http://diariodigital.sapo.pt/news.asp?id_news=559228' AND tamanho = '24170'",)
INFO: [2012-2-19 19:42:12] - ("DB module: INSERT INTO CrawlerLinks (idLinksPublicacoes, url, datapesquisa, estado, tamanho, status_crawl) VALUES ('5', 'http://diariodigital.sapo.pt/news.asp?id_news=559228', '2012-02-19 19:42:07', '0', '24170', '0')",)
INFO: [2012-2-19 19:42:12] - ("DB module: SELECT * FROM CrawlerLinksPalavras WHERE idcrawlerlink = '13655' AND idpalavra = '612'",)
INFO: [2012-2-19 19:42:12] - ("INSERT INTO CrawlerLinksPalavras (idcrawlerlink, idpalavra) VALUES ('13655', '612')",)
INFO: [2012-2-19 19:42:12] - ("DB module: SELECT * FROM CrawlerLinksPalavras WHERE idcrawlerlink = '13655' AND idpalavra = '898'",)
INFO: [2012-2-19 19:42:12] - ("INSERT INTO CrawlerLinksPalavras (idcrawlerlink, idpalavra) VALUES ('13655', '898')",)
INFO: [2012-2-19 19:42:12] - ("DB module: SELECT * FROM CrawlerLinksPalavras WHERE idcrawlerlink = '13655' AND idpalavra = '908'",)
INFO: [2012-2-19 19:42:12] - ("INSERT INTO CrawlerLinksPalavras (idcrawlerlink, idpalavra) VALUES ('13655', '908')",)
INFO: [2012-2-19 19:42:12] - ("DB module: SELECT * FROM CrawlerLinks WHERE url = 'http://diariodigital.sapo.pt/news.asp?id_news=559153' AND tamanho = '25898'",)
INFO: [2012-2-19 19:42:12] - ("DB module: INSERT INTO CrawlerLinks (idLinksPublicacoes, url, datapesquisa, estado, tamanho, status_crawl) VALUES ('5', 'http://diariodigital.sapo.pt/news.asp?id_news=559153', '2012-02-19 19:42:08', '0', '25898', '0')",)
INFO: [2012-2-19 19:42:12] - ("DB module: SELECT * FROM CrawlerLinksPalavras WHERE idcrawlerlink = '13656' AND idpalavra = '612'",)
INFO: [2012-2-19 19:42:12] - ("INSERT INTO CrawlerLinksPalavras (idcrawlerlink, idpalavra) VALUES ('13656', '612')",)
INFO: [2012-2-19 19:42:12] - ("DB module: SELECT * FROM CrawlerLinksPalavras WHERE idcrawlerlink = '13656' AND idpalavra = '898'",)
INFO: [2012-2-19 19:42:12] - ("INSERT INTO CrawlerLinksPalavras (idcrawlerlink, idpalavra) VALUES ('13656', '898')",)
INFO: [2012-2-19 19:42:12] - ("DB module: SELECT * FROM CrawlerLinksPalavras WHERE idcrawlerlink = '13656' AND idpalavra = '7722'",)
INFO: [2012-2-19 19:42:12] - ("INSERT INTO CrawlerLinksPalavras (idcrawlerlink, idpalavra) VALUES ('13656', '7722')",)
INFO: [2012-2-19 19:42:12] - ("DB module: SELECT * FROM CrawlerLinks WHERE url = 'http://diariodigital.sapo.pt/news.asp?id_news=559114' AND tamanho = '24976'",)
INFO: [2012-2-19 19:42:12] - ("DB module: SELECT * FROM CrawlerLinksPalavras WHERE idcrawlerlink = '13615' AND idpalavra = '7722'",)
INFO: [2012-2-19 19:42:12] - ("DB module: SELECT * FROM CrawlerLinks WHERE url = 'http://diariodigital.sapo.pt/estatuto.asp' AND tamanho = '16854'",)
INFO: [2012-2-19 19:42:12] - ("DB module: INSERT INTO CrawlerLinks (idLinksPublicacoes, url, datapesquisa, estado, tamanho, status_crawl) VALUES ('5', 'http://diariodigital.sapo.pt/estatuto.asp', '2012-02-19 19:42:09', '0', '16854', '0')",)
INFO: [2012-2-19 19:42:12] - ("DB module: SELECT * FROM CrawlerLinksPalavras WHERE idcrawlerlink = '13657' AND idpalavra = '7722'",)
INFO: [2012-2-19 19:42:12] - ("INSERT INTO CrawlerLinksPalavras (idcrawlerlink, idpalavra) VALUES ('13657', '7722')",)
INFO: [2012-2-19 19:42:12] - ('DB module NumWords', 1560)
INFO: [2012-2-19 19:42:15] - ('search:', 9, 170293, 'http://jn.sapo.pt', 'Url Updated and Found words', [{'word': u'tribunal', 'id': 898, 'pos': 0}, {'word': u'famosa', 'id': 1189, 'pos': 0}, {'word': u'primavera', 'id': 1523, 'pos': 0}, {'word': u'estacionamento', 'id': 6333, 'pos': 0}, {'word': u't\xe9cnico', 'id': 6903, 'pos': 0}, {'word': u'brasil', 'id': 7077, 'pos': 0}])
INFO: [2012-2-19 19:42:15] - ("DB module: SELECT * FROM CrawlerLinks WHERE url = 'http://jn.sapo.pt' AND tamanho = '170293'",)
INFO: [2012-2-19 19:42:15] - ("DB module: INSERT INTO CrawlerLinks (idLinksPublicacoes, url, datapesquisa, estado, tamanho, status_crawl) VALUES ('9', 'http://jn.sapo.pt', '2012-02-19 19:42:15', '0', '170293', '0')",)
INFO: [2012-2-19 19:42:15] - ("DB module: SELECT * FROM CrawlerLinksPalavras WHERE idcrawlerlink = '13658' AND idpalavra = '898'",)
INFO: [2012-2-19 19:42:15] - ("INSERT INTO CrawlerLinksPalavras (idcrawlerlink, idpalavra) VALUES ('13658', '898')",)
INFO: [2012-2-19 19:42:15] - ("DB module: SELECT * FROM CrawlerLinksPalavras WHERE idcrawlerlink = '13658' AND idpalavra = '1189'",)
INFO: [2012-2-19 19:42:15] - ("INSERT INTO CrawlerLinksPalavras (idcrawlerlink, idpalavra) VALUES ('13658', '1189')",)
INFO: [2012-2-19 19:42:15] - ("DB module: SELECT * FROM CrawlerLinksPalavras WHERE idcrawlerlink = '13658' AND idpalavra = '1523'",)
INFO: [2012-2-19 19:42:15] - ("INSERT INTO CrawlerLinksPalavras (idcrawlerlink, idpalavra) VALUES ('13658', '1523')",)
INFO: [2012-2-19 19:42:15] - ("DB module: SELECT * FROM CrawlerLinksPalavras WHERE idcrawlerlink = '13658' AND idpalavra = '6333'",)
INFO: [2012-2-19 19:42:15] - ("INSERT INTO CrawlerLinksPalavras (idcrawlerlink, idpalavra) VALUES ('13658', '6333')",)
INFO: [2012-2-19 19:42:15] - ("DB module: SELECT * FROM CrawlerLinksPalavras WHERE idcrawlerlink = '13658' AND idpalavra = '6903'",)
INFO: [2012-2-19 19:42:15] - ("INSERT INTO CrawlerLinksPalavras (idcrawlerlink, idpalavra) VALUES ('13658', '6903')",)
INFO: [2012-2-19 19:42:15] - ("DB module: SELECT * FROM CrawlerLinksPalavras WHERE idcrawlerlink = '13658' AND idpalavra = '7077'",)
INFO: [2012-2-19 19:42:15] - ("INSERT INTO CrawlerLinksPalavras (idcrawlerlink, idpalavra) VALUES ('13658', '7077')",)
INFO: [2012-2-19 19:42:15] - ('DB module NumWords', 1560)
INFO: [2012-2-19 19:42:16] - ('search:', 10, 156, 'http://dn.sapo.pt', 'Url Updated')
INFO: [2012-2-19 19:42:16] - ('DB module NumWords', 1560)
INFO: [2012-2-19 19:42:18] - ('search:', 11, 78678, 'http://diario.iol.pt/', 'Url Updated and Found words', [{'word': u'apple', 'id': 612, 'pos': 0}, {'word': u'ambiente', 'id': 816, 'pos': 0}, {'word': u'angola', 'id': 4849, 'pos': 0}, {'word': u'bes\\s+angola', 'id': 5856, 'pos': 0}, {'word': u'brasil', 'id': 7077, 'pos': 0}, {'word': u'elements', 'id': 7267, 'pos': 0}, {'word': u'informa', 'id': 7722, 'pos': 0}])
INFO: [2012-2-19 19:42:18] - ("DB module: SELECT * FROM CrawlerLinks WHERE url = 'http://diario.iol.pt/' AND tamanho = '78678'",)
INFO: [2012-2-19 19:42:18] - ("DB module: INSERT INTO CrawlerLinks (idLinksPublicacoes, url, datapesquisa, estado, tamanho, status_crawl) VALUES ('11', 'http://diario.iol.pt/', '2012-02-19 19:42:18', '0', '78678', '0')",)
INFO: [2012-2-19 19:42:18] - ("DB module: SELECT * FROM CrawlerLinksPalavras WHERE idcrawlerlink = '13659' AND idpalavra = '612'",)
INFO: [2012-2-19 19:42:18] - ("INSERT INTO CrawlerLinksPalavras (idcrawlerlink, idpalavra) VALUES ('13659', '612')",)
INFO: [2012-2-19 19:42:18] - ("DB module: SELECT * FROM CrawlerLinksPalavras WHERE idcrawlerlink = '13659' AND idpalavra = '816'",)
INFO: [2012-2-19 19:42:18] - ("INSERT INTO CrawlerLinksPalavras (idcrawlerlink, idpalavra) VALUES ('13659', '816')",)
INFO: [2012-2-19 19:42:18] - ("DB module: SELECT * FROM CrawlerLinksPalavras WHERE idcrawlerlink = '13659' AND idpalavra = '4849'",)
INFO: [2012-2-19 19:42:18] - ("INSERT INTO CrawlerLinksPalavras (idcrawlerlink, idpalavra) VALUES ('13659', '4849')",)
INFO: [2012-2-19 19:42:18] - ("DB module: SELECT * FROM CrawlerLinksPalavras WHERE idcrawlerlink = '13659' AND idpalavra = '5856'",)
INFO: [2012-2-19 19:42:18] - ("INSERT INTO CrawlerLinksPalavras (idcrawlerlink, idpalavra) VALUES ('13659', '5856')",)
INFO: [2012-2-19 19:42:18] - ("DB module: SELECT * FROM CrawlerLinksPalavras WHERE idcrawlerlink = '13659' AND idpalavra = '7077'",)
INFO: [2012-2-19 19:42:18] - ("INSERT INTO CrawlerLinksPalavras (idcrawlerlink, idpalavra) VALUES ('13659', '7077')",)
INFO: [2012-2-19 19:42:18] - ("DB module: SELECT * FROM CrawlerLinksPalavras WHERE idcrawlerlink = '13659' AND idpalavra = '7267'",)
INFO: [2012-2-19 19:42:19] - ("INSERT INTO CrawlerLinksPalavras (idcrawlerlink, idpalavra) VALUES ('13659', '7267')",)
INFO: [2012-2-19 19:42:19] - ("DB module: SELECT * FROM CrawlerLinksPalavras WHERE idcrawlerlink = '13659' AND idpalavra = '7722'",)
INFO: [2012-2-19 19:42:19] - ("INSERT INTO CrawlerLinksPalavras (idcrawlerlink, idpalavra) VALUES ('13659', '7722')",)
INFO: [2012-2-19 19:42:19] - ('DB module NumWords', 1417)
INFO: [2012-2-19 19:42:22] - ('search:', 12, 330360, 'http://www.record.pt', 'Url Updated and Found words', [{'word': u'ambiente', 'id': 816, 'pos': 0}, {'word': u'iphone', 'id': 3732, 'pos': 0}, {'word': u't\xe9cnico', 'id': 6903, 'pos': 0}, {'word': u'informa', 'id': 7722, 'pos': 0}])
INFO: [2012-2-19 19:42:22] - ("DB module: SELECT * FROM CrawlerLinks WHERE url = 'http://www.record.pt' AND tamanho = '330360'",)
INFO: [2012-2-19 19:42:22] - ("DB module: INSERT INTO CrawlerLinks (idLinksPublicacoes, url, datapesquisa, estado, tamanho, status_crawl) VALUES ('12', 'http://www.record.pt', '2012-02-19 19:42:22', '0', '330360', '0')",)
INFO: [2012-2-19 19:42:22] - ("DB module: SELECT * FROM CrawlerLinksPalavras WHERE idcrawlerlink = '13660' AND idpalavra = '816'",)
